{"level":"info","message":"This is an informational message.","timestamp":"2026-01-27T15:31:23.871Z"}
{"level":"warn","message":"This is a warning message.","timestamp":"2026-01-27T15:31:23.873Z"}
{"level":"error","message":"This is an error message.","timestamp":"2026-01-27T15:31:23.874Z"}
{"level":"info","message":"This is another informational message.","timestamp":"2026-01-27T15:31:23.874Z"}
{"level":"warn","message":"This is another warning message.","timestamp":"2026-01-27T15:31:23.874Z"}
{"level":"error","message":"This is another error message.","timestamp":"2026-01-27T15:31:23.875Z"}
{"level":"info","message":"This is an informational message.","timestamp":"2026-01-27T15:38:31.590Z"}
{"level":"warn","message":"This is a warning message.","timestamp":"2026-01-27T15:38:31.592Z"}
{"level":"error","message":"This is an error message.","timestamp":"2026-01-27T15:38:31.593Z"}
{"level":"info","message":"This is another informational message.","timestamp":"2026-01-27T15:38:31.593Z"}
{"level":"warn","message":"This is another warning message.","timestamp":"2026-01-27T15:38:31.593Z"}
{"level":"error","message":"This is another error message.","timestamp":"2026-01-27T15:38:31.593Z"}
{"level":"info","message":"[MAIN] Starting","timestamp":"2026-01-30T07:39:18.360Z"}
{"level":"info","message":"[MAIN] Stopping","timestamp":"2026-01-30T07:39:39.851Z"}
{"level":"info","message":"[MAIN] Starting","timestamp":"2026-01-30T07:41:27.565Z"}
{"level":"info","message":"[ENDPOINT] GET '/counter-read'","timestamp":"2026-01-30T07:45:59.481Z"}
{"level":"info","message":"[COUNTER] read 0","timestamp":"2026-01-30T07:45:59.482Z"}
{"level":"info","message":"[ENDPOINT] GET '/counter-increase'","timestamp":"2026-01-30T07:46:00.939Z"}
{"level":"info","message":"[COUNTER] increase 1","timestamp":"2026-01-30T07:46:00.939Z"}
{"level":"info","message":"[ENDPOINT] GET '/counter-read'","timestamp":"2026-01-30T07:46:02.400Z"}
{"level":"info","message":"[COUNTER] read 1","timestamp":"2026-01-30T07:46:02.400Z"}
{"level":"info","message":"[ENDPOINT] GET '/counter-reset'","timestamp":"2026-01-30T07:46:03.629Z"}
{"level":"info","message":"[COUNTER] zeroed 0","timestamp":"2026-01-30T07:46:03.630Z"}
{"level":"info","message":"[ENDPOINT] GET '/counter-read'","timestamp":"2026-01-30T07:46:04.919Z"}
{"level":"info","message":"[COUNTER] read 0","timestamp":"2026-01-30T07:46:04.919Z"}
{"level":"info","message":"[ENDPOINT] GET '/counter-read'","timestamp":"2026-01-30T07:49:40.203Z"}
{"level":"info","message":"[COUNTER] read 0","timestamp":"2026-01-30T07:49:40.203Z"}
{"level":"info","message":"[ENDPOINT] GET '/counter-read'","timestamp":"2026-01-30T07:49:43.914Z"}
{"level":"info","message":"[COUNTER] read 0","timestamp":"2026-01-30T07:49:43.915Z"}
{"level":"info","message":"[ENDPOINT] GET '/counter-increase'","timestamp":"2026-01-30T07:49:47.783Z"}
{"level":"info","message":"[COUNTER] increase 1","timestamp":"2026-01-30T07:49:47.783Z"}
{"level":"info","message":"[ENDPOINT] GET '/counter-read'","timestamp":"2026-01-30T07:49:52.306Z"}
{"level":"info","message":"[COUNTER] read 1","timestamp":"2026-01-30T07:49:52.306Z"}
{"level":"info","message":"[ENDPOINT] GET '/counter-increase'","timestamp":"2026-01-30T07:49:59.608Z"}
{"level":"info","message":"[COUNTER] increase 2","timestamp":"2026-01-30T07:49:59.608Z"}
{"level":"info","message":"[ENDPOINT] GET '/counter-read'","timestamp":"2026-01-30T07:50:02.249Z"}
{"level":"info","message":"[COUNTER] read 2","timestamp":"2026-01-30T07:50:02.249Z"}
{"level":"info","message":"[MAIN] Stopping","timestamp":"2026-01-30T07:52:30.779Z"}
{"level":"info","message":"[ENDPOINT] GET '/counter-read'","timestamp":"2026-01-30T08:00:35.883Z"}
{"level":"info","message":"[COUNTER] read 0","timestamp":"2026-01-30T08:00:35.886Z"}
{"level":"info","message":"[ENDPOINT] GET '/counter-increase'","timestamp":"2026-01-30T08:00:35.895Z"}
{"level":"info","message":"[COUNTER] increase 1","timestamp":"2026-01-30T08:00:35.896Z"}
{"level":"info","message":"[ENDPOINT] GET '/counter-read'","timestamp":"2026-01-30T08:00:35.900Z"}
{"level":"info","message":"[COUNTER] read 1","timestamp":"2026-01-30T08:00:35.900Z"}
{"level":"info","message":"[ENDPOINT] GET '/counter-reset'","timestamp":"2026-01-30T08:00:35.904Z"}
{"level":"info","message":"[COUNTER] zeroed 0","timestamp":"2026-01-30T08:00:35.904Z"}
{"level":"info","message":"[ENDPOINT] GET '/counter-read'","timestamp":"2026-01-30T08:00:35.909Z"}
{"level":"info","message":"[COUNTER] read 0","timestamp":"2026-01-30T08:00:35.909Z"}
{"level":"info","message":"[MAIN] Starting","timestamp":"2026-01-30T08:05:02.359Z"}
{"level":"info","message":"[MAIN] Stopping","timestamp":"2026-01-30T08:06:05.499Z"}
{"level":"info","message":"[COUNTER] read 0","timestamp":"2026-01-30T08:06:11.031Z"}
{"level":"info","message":"[COUNTER] read 0","timestamp":"2026-01-30T08:06:11.033Z"}
{"level":"info","message":"[COUNTER] increase 1","timestamp":"2026-01-30T08:06:11.042Z"}
{"level":"info","message":"[COUNTER] increase 1","timestamp":"2026-01-30T08:06:11.043Z"}
{"level":"info","message":"[COUNTER] read 1","timestamp":"2026-01-30T08:06:11.046Z"}
{"level":"info","message":"[COUNTER] read 1","timestamp":"2026-01-30T08:06:11.046Z"}
{"level":"info","message":"[COUNTER] zeroed 0","timestamp":"2026-01-30T08:06:11.050Z"}
{"level":"info","message":"[COUNTER] zeroed 0","timestamp":"2026-01-30T08:06:11.050Z"}
{"level":"info","message":"[COUNTER] read 0","timestamp":"2026-01-30T08:06:11.054Z"}
{"level":"info","message":"[COUNTER] read 0","timestamp":"2026-01-30T08:06:11.055Z"}
